Determining if the pthread_create exist failed with the following output:
Change Dir: /home/luo/python_ws/build/CMakeFiles/CMakeTmp

Run Build Command:/usr/bin/make "cmTryCompileExec3623584104/fast"
/usr/bin/make -f CMakeFiles/cmTryCompileExec3623584104.dir/build.make CMakeFiles/cmTryCompileExec3623584104.dir/build
make[1]: 正在进入目录 `/home/luo/python_ws/build/CMakeFiles/CMakeTmp'
/usr/bin/cmake -E cmake_progress_report /home/luo/python_ws/build/CMakeFiles/CMakeTmp/CMakeFiles 1
Building C object CMakeFiles/cmTryCompileExec3623584104.dir/CheckSymbolExists.c.o
/usr/bin/cc    -o CMakeFiles/cmTryCompileExec3623584104.dir/CheckSymbolExists.c.o   -c /home/luo/python_ws/build/CMakeFiles/CMakeTmp/CheckSymbolExists.c
Linking C executable cmTryCompileExec3623584104
/usr/bin/cmake -E cmake_link_script CMakeFiles/cmTryCompileExec3623584104.dir/link.txt --verbose=1
/usr/bin/cc       CMakeFiles/cmTryCompileExec3623584104.dir/CheckSymbolExists.c.o  -o cmTryCompileExec3623584104 -rdynamic 
CMakeFiles/cmTryCompileExec3623584104.dir/CheckSymbolExists.c.o：在函数‘main’中：
CheckSymbolExists.c:(.text+0x16)：对‘pthread_create’未定义的引用
collect2: error: ld returned 1 exit status
make[1]: *** [cmTryCompileExec3623584104] 错误 1
make[1]:正在离开目录 `/home/luo/python_ws/build/CMakeFiles/CMakeTmp'
make: *** [cmTryCompileExec3623584104/fast] 错误 2

File /home/luo/python_ws/build/CMakeFiles/CMakeTmp/CheckSymbolExists.c:
/* */
#include <pthread.h>

int main(int argc, char** argv)
{
  (void)argv;
#ifndef pthread_create
  return ((int*)(&pthread_create))[argc];
#else
  (void)argc;
  return 0;
#endif
}

Determining if the function pthread_create exists in the pthreads failed with the following output:
Change Dir: /home/luo/python_ws/build/CMakeFiles/CMakeTmp

Run Build Command:/usr/bin/make "cmTryCompileExec2785427862/fast"
/usr/bin/make -f CMakeFiles/cmTryCompileExec2785427862.dir/build.make CMakeFiles/cmTryCompileExec2785427862.dir/build
make[1]: 正在进入目录 `/home/luo/python_ws/build/CMakeFiles/CMakeTmp'
/usr/bin/cmake -E cmake_progress_report /home/luo/python_ws/build/CMakeFiles/CMakeTmp/CMakeFiles 1
Building C object CMakeFiles/cmTryCompileExec2785427862.dir/CheckFunctionExists.c.o
/usr/bin/cc   -DCHECK_FUNCTION_EXISTS=pthread_create   -o CMakeFiles/cmTryCompileExec2785427862.dir/CheckFunctionExists.c.o   -c /usr/share/cmake-2.8/Modules/CheckFunctionExists.c
Linking C executable cmTryCompileExec2785427862
/usr/bin/cmake -E cmake_link_script CMakeFiles/cmTryCompileExec2785427862.dir/link.txt --verbose=1
/usr/bin/cc   -DCHECK_FUNCTION_EXISTS=pthread_create    CMakeFiles/cmTryCompileExec2785427862.dir/CheckFunctionExists.c.o  -o cmTryCompileExec2785427862 -rdynamic -lpthreads 
/usr/bin/ld: 找不到 -lpthreads
collect2: error: ld returned 1 exit status
make[1]: *** [cmTryCompileExec2785427862] 错误 1
make[1]:正在离开目录 `/home/luo/python_ws/build/CMakeFiles/CMakeTmp'
make: *** [cmTryCompileExec2785427862/fast] 错误 2


